<html>
<head>
<title>TestNG:  Default test</title>
<link href="../testng.css" rel="stylesheet" type="text/css" />
<link href="../my-testng.css" rel="stylesheet" type="text/css" />

<style type="text/css">
.log { display: none;} 
.stack-trace { display: none;} 
</style>
<script type="text/javascript">
<!--
function flip(e) {
  current = e.style.display;
  if (current == 'block') {
    e.style.display = 'none';
    return 0;
  }
  else {
    e.style.display = 'block';
    return 1;
  }
}

function toggleBox(szDivId, elem, msg1, msg2)
{
  var res = -1;  if (document.getElementById) {
    res = flip(document.getElementById(szDivId));
  }
  else if (document.all) {
    // this is the way old msie versions work
    res = flip(document.all[szDivId]);
  }
  if(elem) {
    if(res == 0) elem.innerHTML = msg1; else elem.innerHTML = msg2;
  }

}

function toggleAllBoxes() {
  if (document.getElementsByTagName) {
    d = document.getElementsByTagName('div');
    for (i = 0; i < d.length; i++) {
      if (d[i].className == 'log') {
        flip(d[i]);
      }
    }
  }
}

// -->
</script>

</head>
<body>
<h2 align='center'>Default test</h2><table border='1' align="center">
<tr>
<td>Tests passed/Failed/Skipped:</td><td>0/0/1</td>
</tr><tr>
<td>Started on:</td><td>Wed May 08 17:22:12 IST 2024</td>
</tr>
<tr><td>Total time:</td><td>0 seconds (699 ms)</td>
</tr><tr>
<td>Included groups:</td><td></td>
</tr><tr>
<td>Excluded groups:</td><td></td>
</tr>
</table><p/>
<small><i>(Hover the method name to see the test class name)</i></small><p/>
<table width='100%' border='1' class='invocation-skipped'>
<tr><td colspan='4' align='center'><b>SKIPPED TESTS</b></td></tr>
<tr><td><b>Test method</b></td>
<td width="30%"><b>Exception</b></td>
<td width="10%"><b>Time (seconds)</b></td>
<td><b>Instance</b></td>
</tr>
<tr>
<td title='org.Utility.TestRunner.runScenario()'><b>runScenario</b><br>Test class: org.Utility.TestRunner<br>Test method: Runs Cucumber Scenarios<br>Parameters: "Successfull Booking", "Adactin Holtel Booking"</td>
<td><div><pre>io.cucumber.testng.UndefinedStepException: There were 5 undefined steps
The step &quot;User should enter the login credentials with &quot;naveen1612&quot;, &quot;P5EN3D&quot; and click the login button&quot; is undefined. You can implement it using the snippet(s) below:

@When(&quot;User should enter the login credentials with {string}, {string} and click the login button&quot;)
public void userShouldEnterTheLoginCredentialsWithAndClickTheLoginButton(String string, String string2) {
    // Write code here that turns the phrase above into concrete actions
    throw new io.cucumber.java.PendingException();
}

The step &quot;User should enter the Booking details such as &quot;Sydney&quot;,&quot;Hotel Creek&quot;,&quot;Standard&quot;,&quot;1 - One&quot;,&quot;21/09/2024&quot;,&quot;25/09/2024&quot;,&quot;2 - Two&quot;,&quot;1 - One&quot; and click submit button&quot; is undefined. You can implement it using the snippet(s) below:

@When(&quot;User should enter the Booking details such as {string},{string},{string},{string},{string},{string},{string},{string} and click submit button&quot;)
public void userShouldEnterTheBookingDetailsSuchAsAndClickSubmitButton(String string, String string2, String string3, String string4, String string5, String string6, String string7, String string8) {
    // Write code here that turns the phrase above into concrete actions
    throw new io.cucumber.java.PendingException();
}

The step &quot;User should click the radio button and click search button&quot; is undefined. You can implement it using the snippet(s) below:

@When(&quot;User should click the radio button and click search button&quot;)
public void userShouldClickTheRadioButtonAndClickSearchButton() {
    // Write code here that turns the phrase above into concrete actions
    throw new io.cucumber.java.PendingException();
}

The step &quot;User should enter the personal details such as &quot;Naveen&quot;, &quot;Velusamy&quot;, &quot;Chennimalai,erode&quot;, &quot;1234567890123456&quot;, &quot;VISA&quot;, &quot;December&quot;, &quot;2028&quot;, &quot;123&quot; and click Booknow button&quot; is undefined. You can implement it using the snippet(s) below:

@When(&quot;User should enter the personal details such as {string}, {string}, {string}, {string}, {string}, {string}, {string}, {string} and click Booknow button&quot;)
public void userShouldEnterThePersonalDetailsSuchAsAndClickBooknowButton(String string, String string2, String string3, String string4, String string5, String string6, String string7, String string8) {
    // Write code here that turns the phrase above into concrete actions
    throw new io.cucumber.java.PendingException();
}

The step &quot;User should validate the Booking Confirmation&quot; is undefined. You can implement it using the snippet(s) below:

@Then(&quot;User should validate the Booking Confirmation&quot;)
public void userShouldValidateTheBookingConfirmation() {
    // Write code here that turns the phrase above into concrete actions
    throw new io.cucumber.java.PendingException();
}

	at io.cucumber.testng.TestCaseResultObserver.lambda$assertTestCasePassed$2(TestCaseResultObserver.java:26)
	at io.cucumber.core.runtime.TestCaseResultObserver.assertTestCasePassed(TestCaseResultObserver.java:110)
	at io.cucumber.testng.TestCaseResultObserver.assertTestCasePassed(TestCaseResultObserver.java:21)
	at io.cucumber.testng.TestNGCucumberRunner.runScenario(TestNGCucumberRunner.java:125)
	at io.cucumber.testng.AbstractTestNGCucumberTests.runScenario(AbstractTestNGCucumberTests.java:29)
	at java.base/jdk.internal.reflect.NativeMethodAccessorImpl.invoke0(Native Method)
	at java.base/jdk.internal.reflect.NativeMethodAccessorImpl.invoke(NativeMethodAccessorImpl.java:62)
	at java.base/jdk.internal.reflect.DelegatingMethodAccessorImpl.invoke(DelegatingMethodAccessorImpl.java:43)
	at java.base/java.lang.reflect.Method.invoke(Method.java:566)
	at org.testng.internal.MethodInvocationHelper.invokeMethod(MethodInvocationHelper.java:84)
	at org.testng.internal.Invoker.invokeMethod(Invoker.java:714)
	at org.testng.internal.Invoker.invokeTestMethod(Invoker.java:901)
	at org.testng.internal.Invoker.invokeTestMethods(Invoker.java:1231)
	at org.testng.internal.TestMethodWorker.invokeTestMethods(TestMethodWorker.java:127)
	at org.testng.internal.TestMethodWorker.run(TestMethodWorker.java:111)
	at org.testng.TestRunner.privateRun(TestRunner.java:767)
	at org.testng.TestRunner.run(TestRunner.java:617)
	at org.testng.SuiteRunner.runTest(SuiteRunner.java:348)
	at org.testng.SuiteRunner.runSequentially(SuiteRunner.java:343)
	at org.testng.SuiteRunner.privateRun(SuiteRunner.java:305)
	at org.testng.SuiteRunner.run(SuiteRunner.java:254)
	at org.testng.SuiteRunnerWorker.runSuite(SuiteRunnerWorker.java:52)
	at org.testng.SuiteRunnerWorker.run(SuiteRunnerWorker.java:86)
	at org.testng.TestNG.runSuitesSequentially(TestNG.java:1224)
	at org.testng.TestNG.runSuitesLocally(TestNG.java:1149)
	at org.testng.TestNG.run(TestNG.java:1057)
	at org.testng.remote.AbstractRemoteTestNG.run(AbstractRemoteTestNG.java:115)
	at org.testng.remote.RemoteTestNG.initAndRun(RemoteTestNG.java:293)
	at org.testng.remote.RemoteTestNG.main(RemoteTestNG.java:91)
</pre></div><a href='#' onClick='toggleBox("stack-trace808447015", this, "Click to show all stack frames", "Click to hide stack frames")'>Click to show all stack frames</a>
<div class='stack-trace' id='stack-trace808447015'><pre>io.cucumber.testng.UndefinedStepException: There were 5 undefined steps
The step &quot;User should enter the login credentials with &quot;naveen1612&quot;, &quot;P5EN3D&quot; and click the login button&quot; is undefined. You can implement it using the snippet(s) below:

@When(&quot;User should enter the login credentials with {string}, {string} and click the login button&quot;)
public void userShouldEnterTheLoginCredentialsWithAndClickTheLoginButton(String string, String string2) {
    // Write code here that turns the phrase above into concrete actions
    throw new io.cucumber.java.PendingException();
}

The step &quot;User should enter the Booking details such as &quot;Sydney&quot;,&quot;Hotel Creek&quot;,&quot;Standard&quot;,&quot;1 - One&quot;,&quot;21/09/2024&quot;,&quot;25/09/2024&quot;,&quot;2 - Two&quot;,&quot;1 - One&quot; and click submit button&quot; is undefined. You can implement it using the snippet(s) below:

@When(&quot;User should enter the Booking details such as {string},{string},{string},{string},{string},{string},{string},{string} and click submit button&quot;)
public void userShouldEnterTheBookingDetailsSuchAsAndClickSubmitButton(String string, String string2, String string3, String string4, String string5, String string6, String string7, String string8) {
    // Write code here that turns the phrase above into concrete actions
    throw new io.cucumber.java.PendingException();
}

The step &quot;User should click the radio button and click search button&quot; is undefined. You can implement it using the snippet(s) below:

@When(&quot;User should click the radio button and click search button&quot;)
public void userShouldClickTheRadioButtonAndClickSearchButton() {
    // Write code here that turns the phrase above into concrete actions
    throw new io.cucumber.java.PendingException();
}

The step &quot;User should enter the personal details such as &quot;Naveen&quot;, &quot;Velusamy&quot;, &quot;Chennimalai,erode&quot;, &quot;1234567890123456&quot;, &quot;VISA&quot;, &quot;December&quot;, &quot;2028&quot;, &quot;123&quot; and click Booknow button&quot; is undefined. You can implement it using the snippet(s) below:

@When(&quot;User should enter the personal details such as {string}, {string}, {string}, {string}, {string}, {string}, {string}, {string} and click Booknow button&quot;)
public void userShouldEnterThePersonalDetailsSuchAsAndClickBooknowButton(String string, String string2, String string3, String string4, String string5, String string6, String string7, String string8) {
    // Write code here that turns the phrase above into concrete actions
    throw new io.cucumber.java.PendingException();
}

The step &quot;User should validate the Booking Confirmation&quot; is undefined. You can implement it using the snippet(s) below:

@Then(&quot;User should validate the Booking Confirmation&quot;)
public void userShouldValidateTheBookingConfirmation() {
    // Write code here that turns the phrase above into concrete actions
    throw new io.cucumber.java.PendingException();
}

	at io.cucumber.testng.TestCaseResultObserver.lambda$assertTestCasePassed$2(TestCaseResultObserver.java:26)
	at io.cucumber.core.runtime.TestCaseResultObserver.assertTestCasePassed(TestCaseResultObserver.java:110)
	at io.cucumber.testng.TestCaseResultObserver.assertTestCasePassed(TestCaseResultObserver.java:21)
	at io.cucumber.testng.TestNGCucumberRunner.runScenario(TestNGCucumberRunner.java:125)
	at io.cucumber.testng.AbstractTestNGCucumberTests.runScenario(AbstractTestNGCucumberTests.java:29)
	at java.base/jdk.internal.reflect.NativeMethodAccessorImpl.invoke0(Native Method)
	at java.base/jdk.internal.reflect.NativeMethodAccessorImpl.invoke(NativeMethodAccessorImpl.java:62)
	at java.base/jdk.internal.reflect.DelegatingMethodAccessorImpl.invoke(DelegatingMethodAccessorImpl.java:43)
	at java.base/java.lang.reflect.Method.invoke(Method.java:566)
	at org.testng.internal.MethodInvocationHelper.invokeMethod(MethodInvocationHelper.java:84)
	at org.testng.internal.Invoker.invokeMethod(Invoker.java:714)
	at org.testng.internal.Invoker.invokeTestMethod(Invoker.java:901)
	at org.testng.internal.Invoker.invokeTestMethods(Invoker.java:1231)
	at org.testng.internal.TestMethodWorker.invokeTestMethods(TestMethodWorker.java:127)
	at org.testng.internal.TestMethodWorker.run(TestMethodWorker.java:111)
	at org.testng.TestRunner.privateRun(TestRunner.java:767)
	at org.testng.TestRunner.run(TestRunner.java:617)
	at org.testng.SuiteRunner.runTest(SuiteRunner.java:348)
	at org.testng.SuiteRunner.runSequentially(SuiteRunner.java:343)
	at org.testng.SuiteRunner.privateRun(SuiteRunner.java:305)
	at org.testng.SuiteRunner.run(SuiteRunner.java:254)
	at org.testng.SuiteRunnerWorker.runSuite(SuiteRunnerWorker.java:52)
	at org.testng.SuiteRunnerWorker.run(SuiteRunnerWorker.java:86)
	at org.testng.TestNG.runSuitesSequentially(TestNG.java:1224)
	at org.testng.TestNG.runSuitesLocally(TestNG.java:1149)
	at org.testng.TestNG.run(TestNG.java:1057)
	at org.testng.remote.AbstractRemoteTestNG.run(AbstractRemoteTestNG.java:115)
	at org.testng.remote.RemoteTestNG.initAndRun(RemoteTestNG.java:293)
	at org.testng.remote.RemoteTestNG.main(RemoteTestNG.java:91)
</pre></div></td>
<td>0</td>
<td>org.Utility.TestRunner@60410cd</td></tr>
</table><p>
</body>
</html>